Arguments: 
  C:\nodejs\node.exe C:\Program Files (x86)\Yarn\bin\yarn.js install

PATH: 
  D:\dbs2017-project-majercakdavid\src\node_modules\.bin;C:\Users\david\AppData\Local\Yarn\config\link\node_modules\.bin;D:\dbs2017-project-majercakdavid\src\node_modules\.bin;C:\Users\david\AppData\Local\Yarn\config\link\node_modules\.bin;C:\Program Files (x86)\Yarn\bin\node-gyp-bin;C:\Python36\Scripts\;C:\Python36\;C:\ProgramData\Oracle\Java\javapath;C:\Program Files (x86)\Intel\iCLS Client\;C:\Program Files\Intel\iCLS Client\;C:\WINDOWS\system32;C:\WINDOWS;C:\WINDOWS\System32\Wbem;C:\WINDOWS\System32\WindowsPowerShell\v1.0\;C:\Program Files (x86)\Intel\Intel(R) Management Engine Components\DAL;C:\Program Files\Intel\Intel(R) Management Engine Components\DAL;C:\Program Files (x86)\Intel\Intel(R) Management Engine Components\IPT;C:\Program Files\Intel\Intel(R) Management Engine Components\IPT;C:\PostgreSQL\pg96\bin;C:\Program Files\Microsoft SQL Server\130\Tools\Binn\;C:\Program Files\dotnet\;C:\Program Files (x86)\Windows Kits\8.1\Windows Performance Toolkit\;C:\Program Files\Git\cmd;C:\Program Files\Git\mingw64\bin;C:\Program Files\Git\usr\bin;C:\Program Files (x86)\Yarn\bin;C:\nodejs\;C:\Program Files\PuTTY\;C:\Ruby23\bin;C:\Users\david\AppData\Local\Microsoft\WindowsApps;C:\Program Files (x86)\Microsoft VS Code\bin;C:\Python36;C:\Users\david\AppData\Local\Yarn\.bin;C:\Users\david\AppData\Roaming\npm

Yarn version: 
  0.23.2

Node version: 
  7.10.0

Platform: 
  win32 x64

npm manifest: 
  {
    "name": "react-webpack-rails-tutorial",
    "version": "0.0.1",
    "private": true,
    "engines": {
      "node": "6.9.0",
      "npm": "4.1.1"
    },
    "scripts": {
      "build:test": "webpack --config webpack.config.js",
      "build:production": "NODE_ENV=production webpack --config webpack.config.js",
      "build:development": "webpack -w --config webpack.config.js"
    },
    "cacheDirectories": ["node_modules", "client/node_modules"],
    "dependencies": {
      "babel-cli": "^6.24.1",
      "babel-core": "^6.24.1",
      "babel-loader": "^6.3.2",
      "babel-runtime": "^6.23.0",
      "babel-polyfill": "^6.23.0",
      "babel-preset-es2015": "^6.24.1",
      "babel-preset-react": "^6.24.1",
      "babel-preset-stage-2": "^6.24.1",
      "es5-shim": "^4.5.9",
      "expose-loader": "^0.7.3",
      "imports-loader": "^0.7.1",
      "react": "^15.5.4",
      "react-dom": "^15.5.4",
      "react-on-rails": "7.0.4",
      "webpack": "^2.3.3"
    },
    "devDependencies": {
    }
  }

yarn manifest: 
  No manifest

Lockfile: 
  No lockfile

Trace: 
  Error: connect ETIMEDOUT 104.16.63.173:443
      at Object.exports._errnoException (util.js:1050:11)
      at exports._exceptionWithHostPort (util.js:1073:20)
      at TCPConnectWrap.afterConnect [as oncomplete] (net.js:1093:14)
